{"/Users/solomonndifreke/Documents/ticketing/auth/src/app.ts": {"path":"/Users/solomonndifreke/Documents/ticketing/auth/src/app.ts","statementMap":{"0":{"start":{"line":1,"column":0},"end":{"line":1,"column":40}},"1":{"start":{"line":2,"column":0},"end":{"line":2,"column":30}},"2":{"start":{"line":3,"column":0},"end":{"line":3,"column":28}},"3":{"start":{"line":4,"column":0},"end":{"line":4,"column":43}},"4":{"start":{"line":5,"column":0},"end":{"line":5,"column":47}},"5":{"start":{"line":6,"column":0},"end":{"line":6,"column":53}},"6":{"start":{"line":7,"column":0},"end":{"line":7,"column":54}},"7":{"start":{"line":10,"column":12},"end":{"line":10,"column":21}},"8":{"start":{"line":37,"column":9},"end":{"line":37,"column":12}},"9":{"start":{"line":11,"column":0},"end":{"line":11,"column":16}},"10":{"start":{"line":14,"column":0},"end":{"line":14,"column":29}},"11":{"start":{"line":22,"column":0},"end":{"line":22,"column":16}},"12":{"start":{"line":23,"column":0},"end":{"line":28,"column":2}},"13":{"start":{"line":31,"column":0},"end":{"line":31,"column":33}},"14":{"start":{"line":32,"column":0},"end":{"line":34,"column":3}},"15":{"start":{"line":33,"column":2},"end":{"line":33,"column":28}},"16":{"start":{"line":35,"column":0},"end":{"line":35,"column":22}}},"fnMap":{"0":{"name":"(anonymous_7)","decl":{"start":{"line":32,"column":13},"end":{"line":32,"column":16}},"loc":{"start":{"line":32,"column":18},"end":{"line":34,"column":1}}}},"branchMap":{},"s":{"0":4,"1":4,"2":4,"3":4,"4":4,"5":4,"6":4,"7":4,"8":4,"9":4,"10":4,"11":4,"12":4,"13":4,"14":4,"15":0,"16":4},"f":{"0":0},"b":{}}
,"/Users/solomonndifreke/Documents/ticketing/auth/src/controller/signin-controller.ts": {"path":"/Users/solomonndifreke/Documents/ticketing/auth/src/controller/signin-controller.ts","statementMap":{"0":{"start":{"line":2,"column":0},"end":{"line":2,"column":31}},"1":{"start":{"line":3,"column":0},"end":{"line":3,"column":56}},"2":{"start":{"line":4,"column":0},"end":{"line":4,"column":37}},"3":{"start":{"line":5,"column":0},"end":{"line":5,"column":52}},"4":{"start":{"line":13,"column":32},"end":{"line":13,"column":40}},"5":{"start":{"line":15,"column":25},"end":{"line":15,"column":54}},"6":{"start":{"line":20,"column":4},"end":{"line":22,"column":null}},"7":{"start":{"line":21,"column":6},"end":{"line":21,"column":55}},"8":{"start":{"line":24,"column":27},"end":{"line":24,"column":94}},"9":{"start":{"line":25,"column":4},"end":{"line":25,"column":74}},"10":{"start":{"line":25,"column":25},"end":{"line":25,"column":74}},"11":{"start":{"line":28,"column":20},"end":{"line":28,"column":125}},"12":{"start":{"line":31,"column":4},"end":{"line":33,"column":6}},"13":{"start":{"line":35,"column":4},"end":{"line":35,"column":39}},"14":{"start":{"line":7,"column":0},"end":{"line":7,"column":13}}},"fnMap":{"0":{"name":"(anonymous_8)","decl":{"start":{"line":8,"column":2},"end":{"line":8,"column":null}},"loc":{"start":{"line":8,"column":2},"end":{"line":10,"column":3}}},"1":{"name":"(anonymous_9)","decl":{"start":{"line":12,"column":9},"end":{"line":12,"column":15}},"loc":{"start":{"line":12,"column":59},"end":{"line":36,"column":null}}}},"branchMap":{"0":{"loc":{"start":{"line":20,"column":4},"end":{"line":22,"column":null}},"type":"if","locations":[{"start":{"line":20,"column":4},"end":{"line":22,"column":null}}]},"1":{"loc":{"start":{"line":25,"column":4},"end":{"line":25,"column":74}},"type":"if","locations":[{"start":{"line":25,"column":4},"end":{"line":25,"column":74}}]}},"s":{"0":4,"1":4,"2":4,"3":4,"4":4,"5":4,"6":4,"7":2,"8":2,"9":2,"10":1,"11":1,"12":1,"13":1,"14":4},"f":{"0":0,"1":4},"b":{"0":[2],"1":[1]}}
,"/Users/solomonndifreke/Documents/ticketing/auth/src/controller/signup-controller.ts": {"path":"/Users/solomonndifreke/Documents/ticketing/auth/src/controller/signup-controller.ts","statementMap":{"0":{"start":{"line":2,"column":0},"end":{"line":2,"column":31}},"1":{"start":{"line":3,"column":0},"end":{"line":3,"column":56}},"2":{"start":{"line":4,"column":0},"end":{"line":4,"column":37}},"3":{"start":{"line":12,"column":60},"end":{"line":12,"column":68}},"4":{"start":{"line":13,"column":25},"end":{"line":13,"column":54}},"5":{"start":{"line":15,"column":4},"end":{"line":17,"column":null}},"6":{"start":{"line":16,"column":6},"end":{"line":16,"column":54}},"7":{"start":{"line":19,"column":17},"end":{"line":19,"column":76}},"8":{"start":{"line":20,"column":4},"end":{"line":20,"column":22}},"9":{"start":{"line":23,"column":20},"end":{"line":23,"column":109}},"10":{"start":{"line":26,"column":4},"end":{"line":28,"column":6}},"11":{"start":{"line":30,"column":4},"end":{"line":30,"column":31}},"12":{"start":{"line":6,"column":0},"end":{"line":6,"column":13}}},"fnMap":{"0":{"name":"(anonymous_8)","decl":{"start":{"line":7,"column":2},"end":{"line":7,"column":null}},"loc":{"start":{"line":7,"column":2},"end":{"line":9,"column":3}}},"1":{"name":"(anonymous_9)","decl":{"start":{"line":11,"column":9},"end":{"line":11,"column":15}},"loc":{"start":{"line":11,"column":60},"end":{"line":31,"column":null}}}},"branchMap":{"0":{"loc":{"start":{"line":15,"column":4},"end":{"line":17,"column":null}},"type":"if","locations":[{"start":{"line":15,"column":4},"end":{"line":17,"column":null}}]}},"s":{"0":4,"1":4,"2":4,"3":8,"4":8,"5":8,"6":1,"7":7,"8":7,"9":7,"10":7,"11":7,"12":4},"f":{"0":0,"1":8},"b":{"0":[1]}}
,"/Users/solomonndifreke/Documents/ticketing/auth/src/middleware/body-validator.ts": {"path":"/Users/solomonndifreke/Documents/ticketing/auth/src/middleware/body-validator.ts","statementMap":{"0":{"start":{"line":1,"column":0},"end":{"line":1,"column":58}},"1":{"start":{"line":3,"column":35},"end":{"line":11,"column":1}},"2":{"start":{"line":4,"column":2},"end":{"line":10,"column":4}},"3":{"start":{"line":3,"column":13},"end":{"line":3,"column":35}},"4":{"start":{"line":13,"column":36},"end":{"line":15,"column":1}},"5":{"start":{"line":14,"column":2},"end":{"line":14,"column":148}},"6":{"start":{"line":13,"column":13},"end":{"line":13,"column":36}}},"fnMap":{"0":{"name":"(anonymous_0)","decl":{"start":{"line":3,"column":35},"end":{"line":3,"column":57}},"loc":{"start":{"line":3,"column":59},"end":{"line":11,"column":1}}},"1":{"name":"(anonymous_1)","decl":{"start":{"line":13,"column":36},"end":{"line":13,"column":58}},"loc":{"start":{"line":13,"column":60},"end":{"line":15,"column":1}}}},"branchMap":{},"s":{"0":4,"1":4,"2":4,"3":4,"4":4,"5":4,"6":4},"f":{"0":4,"1":4},"b":{}}
,"/Users/solomonndifreke/Documents/ticketing/auth/src/model/user.ts": {"path":"/Users/solomonndifreke/Documents/ticketing/auth/src/model/user.ts","statementMap":{"0":{"start":{"line":1,"column":0},"end":{"line":1,"column":51}},"1":{"start":{"line":2,"column":0},"end":{"line":2,"column":52}},"2":{"start":{"line":33,"column":19},"end":{"line":68,"column":2}},"3":{"start":{"line":61,"column":8},"end":{"line":61,"column":25}},"4":{"start":{"line":62,"column":8},"end":{"line":62,"column":23}},"5":{"start":{"line":71,"column":0},"end":{"line":83,"column":3}},"6":{"start":{"line":76,"column":2},"end":{"line":81,"column":null}},"7":{"start":{"line":77,"column":19},"end":{"line":77,"column":66}},"8":{"start":{"line":80,"column":4},"end":{"line":80,"column":33}},"9":{"start":{"line":82,"column":2},"end":{"line":82,"column":9}},"10":{"start":{"line":87,"column":0},"end":{"line":89,"column":2}},"11":{"start":{"line":88,"column":2},"end":{"line":88,"column":24}},"12":{"start":{"line":91,"column":13},"end":{"line":91,"column":58}},"13":{"start":{"line":101,"column":9},"end":{"line":101,"column":13}}},"fnMap":{"0":{"name":"(anonymous_7)","decl":{"start":{"line":60,"column":6},"end":{"line":60,"column":15}},"loc":{"start":{"line":60,"column":24},"end":{"line":64,"column":7}}},"1":{"name":"(anonymous_8)","decl":{"start":{"line":71,"column":23},"end":{"line":71,"column":39}},"loc":{"start":{"line":71,"column":43},"end":{"line":83,"column":2}}},"2":{"name":"(anonymous_10)","decl":{"start":{"line":87,"column":27},"end":{"line":87,"column":28}},"loc":{"start":{"line":87,"column":46},"end":{"line":89,"column":1}}}},"branchMap":{"0":{"loc":{"start":{"line":76,"column":2},"end":{"line":81,"column":null}},"type":"if","locations":[{"start":{"line":76,"column":2},"end":{"line":81,"column":null}}]}},"s":{"0":4,"1":4,"2":4,"3":8,"4":8,"5":4,"6":7,"7":7,"8":7,"9":7,"10":4,"11":7,"12":4,"13":4},"f":{"0":8,"1":7,"2":7},"b":{"0":[7]}}
,"/Users/solomonndifreke/Documents/ticketing/auth/src/routes/app.router.ts": {"path":"/Users/solomonndifreke/Documents/ticketing/auth/src/routes/app.router.ts","statementMap":{"0":{"start":{"line":1,"column":0},"end":{"line":1,"column":33}},"1":{"start":{"line":2,"column":0},"end":{"line":2,"column":51}},"2":{"start":{"line":3,"column":0},"end":{"line":3,"column":42}},"3":{"start":{"line":5,"column":26},"end":{"line":5,"column":34}},"4":{"start":{"line":10,"column":22},"end":{"line":10,"column":30}},"5":{"start":{"line":7,"column":0},"end":{"line":7,"column":43}},"6":{"start":{"line":8,"column":0},"end":{"line":8,"column":35}}},"fnMap":{},"branchMap":{},"s":{"0":4,"1":4,"2":4,"3":4,"4":4,"5":4,"6":4},"f":{},"b":{}}
,"/Users/solomonndifreke/Documents/ticketing/auth/src/routes/auth.route.ts": {"path":"/Users/solomonndifreke/Documents/ticketing/auth/src/routes/auth.route.ts","statementMap":{"0":{"start":{"line":1,"column":0},"end":{"line":1,"column":33}},"1":{"start":{"line":2,"column":0},"end":{"line":2,"column":52}},"2":{"start":{"line":3,"column":0},"end":{"line":3,"column":54}},"3":{"start":{"line":4,"column":0},"end":{"line":4,"column":52}},"4":{"start":{"line":6,"column":23},"end":{"line":6,"column":31}},"5":{"start":{"line":12,"column":19},"end":{"line":12,"column":29}},"6":{"start":{"line":8,"column":0},"end":{"line":8,"column":25}},"7":{"start":{"line":9,"column":0},"end":{"line":9,"column":26}},"8":{"start":{"line":10,"column":0},"end":{"line":10,"column":25}}},"fnMap":{},"branchMap":{},"s":{"0":4,"1":4,"2":4,"3":4,"4":4,"5":4,"6":4,"7":4,"8":4},"f":{},"b":{}}
,"/Users/solomonndifreke/Documents/ticketing/auth/src/routes/current-user.ts": {"path":"/Users/solomonndifreke/Documents/ticketing/auth/src/routes/current-user.ts","statementMap":{"0":{"start":{"line":1,"column":0},"end":{"line":1,"column":52}},"1":{"start":{"line":3,"column":0},"end":{"line":3,"column":50}},"2":{"start":{"line":5,"column":23},"end":{"line":5,"column":31}},"3":{"start":{"line":17,"column":19},"end":{"line":17,"column":36}},"4":{"start":{"line":7,"column":0},"end":{"line":10,"column":3}},"5":{"start":{"line":9,"column":2},"end":{"line":9,"column":45}},"6":{"start":{"line":12,"column":0},"end":{"line":15,"column":3}},"7":{"start":{"line":14,"column":2},"end":{"line":14,"column":35}}},"fnMap":{"0":{"name":"(anonymous_0)","decl":{"start":{"line":7,"column":39},"end":{"line":7,"column":40}},"loc":{"start":{"line":7,"column":71},"end":{"line":10,"column":1}}},"1":{"name":"(anonymous_1)","decl":{"start":{"line":12,"column":36},"end":{"line":12,"column":37}},"loc":{"start":{"line":12,"column":68},"end":{"line":15,"column":1}}}},"branchMap":{},"s":{"0":4,"1":4,"2":4,"3":4,"4":4,"5":1,"6":4,"7":0},"f":{"0":1,"1":0},"b":{}}
,"/Users/solomonndifreke/Documents/ticketing/auth/src/routes/auth.routes/signin.ts": {"path":"/Users/solomonndifreke/Documents/ticketing/auth/src/routes/auth.routes/signin.ts","statementMap":{"0":{"start":{"line":1,"column":0},"end":{"line":1,"column":52}},"1":{"start":{"line":3,"column":0},"end":{"line":3,"column":70}},"2":{"start":{"line":5,"column":0},"end":{"line":5,"column":71}},"3":{"start":{"line":6,"column":0},"end":{"line":6,"column":56}},"4":{"start":{"line":8,"column":23},"end":{"line":8,"column":31}},"5":{"start":{"line":13,"column":19},"end":{"line":13,"column":31}},"6":{"start":{"line":9,"column":36},"end":{"line":9,"column":58}},"7":{"start":{"line":11,"column":0},"end":{"line":11,"column":78}}},"fnMap":{},"branchMap":{},"s":{"0":4,"1":4,"2":4,"3":4,"4":4,"5":4,"6":4,"7":4},"f":{},"b":{}}
,"/Users/solomonndifreke/Documents/ticketing/auth/src/routes/auth.routes/signout.ts": {"path":"/Users/solomonndifreke/Documents/ticketing/auth/src/routes/auth.routes/signout.ts","statementMap":{"0":{"start":{"line":1,"column":0},"end":{"line":1,"column":52}},"1":{"start":{"line":3,"column":23},"end":{"line":3,"column":31}},"2":{"start":{"line":11,"column":19},"end":{"line":11,"column":32}},"3":{"start":{"line":5,"column":0},"end":{"line":9,"column":3}},"4":{"start":{"line":7,"column":2},"end":{"line":7,"column":21}},"5":{"start":{"line":8,"column":2},"end":{"line":8,"column":15}}},"fnMap":{"0":{"name":"(anonymous_0)","decl":{"start":{"line":5,"column":24},"end":{"line":5,"column":25}},"loc":{"start":{"line":5,"column":56},"end":{"line":9,"column":1}}}},"branchMap":{},"s":{"0":4,"1":4,"2":4,"3":4,"4":1,"5":1},"f":{"0":1},"b":{}}
,"/Users/solomonndifreke/Documents/ticketing/auth/src/routes/auth.routes/signup.ts": {"path":"/Users/solomonndifreke/Documents/ticketing/auth/src/routes/auth.routes/signup.ts","statementMap":{"0":{"start":{"line":1,"column":0},"end":{"line":1,"column":52}},"1":{"start":{"line":2,"column":0},"end":{"line":2,"column":70}},"2":{"start":{"line":7,"column":0},"end":{"line":7,"column":70}},"3":{"start":{"line":8,"column":0},"end":{"line":8,"column":56}},"4":{"start":{"line":10,"column":23},"end":{"line":10,"column":31}},"5":{"start":{"line":16,"column":19},"end":{"line":16,"column":31}},"6":{"start":{"line":11,"column":36},"end":{"line":11,"column":57}},"7":{"start":{"line":14,"column":0},"end":{"line":14,"column":79}}},"fnMap":{},"branchMap":{},"s":{"0":4,"1":4,"2":4,"3":4,"4":4,"5":4,"6":4,"7":4},"f":{},"b":{}}
,"/Users/solomonndifreke/Documents/ticketing/auth/src/services/password.ts": {"path":"/Users/solomonndifreke/Documents/ticketing/auth/src/services/password.ts","statementMap":{"0":{"start":{"line":1,"column":0},"end":{"line":1,"column":33}},"1":{"start":{"line":2,"column":0},"end":{"line":2,"column":45}},"2":{"start":{"line":4,"column":20},"end":{"line":4,"column":37}},"3":{"start":{"line":11,"column":28},"end":{"line":11,"column":59}},"4":{"start":{"line":12,"column":27},"end":{"line":12,"column":75}},"5":{"start":{"line":14,"column":4},"end":{"line":14,"column":65}},"6":{"start":{"line":18,"column":46},"end":{"line":18,"column":71}},"7":{"start":{"line":19,"column":27},"end":{"line":19,"column":83}},"8":{"start":{"line":21,"column":4},"end":{"line":21,"column":60}},"9":{"start":{"line":6,"column":0},"end":{"line":6,"column":13}}},"fnMap":{"0":{"name":"(anonymous_7)","decl":{"start":{"line":10,"column":9},"end":{"line":10,"column":15}},"loc":{"start":{"line":10,"column":45},"end":{"line":15,"column":null}}},"1":{"name":"(anonymous_9)","decl":{"start":{"line":17,"column":9},"end":{"line":17,"column":15}},"loc":{"start":{"line":17,"column":86},"end":{"line":22,"column":null}}}},"branchMap":{},"s":{"0":4,"1":4,"2":4,"3":7,"4":7,"5":7,"6":2,"7":2,"8":2,"9":4},"f":{"0":7,"1":2},"b":{}}
}
