TN:
SF:src/app.ts
FN:32,(anonymous_7)
FNF:1
FNH:0
FNDA:0,(anonymous_7)
DA:1,4
DA:2,4
DA:3,4
DA:4,4
DA:5,4
DA:6,4
DA:7,4
DA:10,4
DA:11,4
DA:14,4
DA:22,4
DA:23,4
DA:31,4
DA:32,4
DA:33,0
DA:35,4
DA:37,4
LF:17
LH:16
BRF:0
BRH:0
end_of_record
TN:
SF:src/controller/signin-controller.ts
FN:8,(anonymous_8)
FN:12,(anonymous_9)
FNF:2
FNH:1
FNDA:0,(anonymous_8)
FNDA:3,(anonymous_9)
DA:2,4
DA:3,4
DA:4,4
DA:5,4
DA:7,4
DA:13,3
DA:15,3
DA:20,3
DA:21,1
DA:24,2
DA:25,2
DA:28,2
DA:31,2
DA:35,2
LF:14
LH:14
BRDA:20,0,0,1
BRDA:25,1,0,0
BRF:2
BRH:1
end_of_record
TN:
SF:src/controller/signup-controller.ts
FN:7,(anonymous_8)
FN:11,(anonymous_9)
FNF:2
FNH:1
FNDA:0,(anonymous_8)
FNDA:8,(anonymous_9)
DA:2,4
DA:3,4
DA:4,4
DA:6,4
DA:12,8
DA:13,8
DA:15,8
DA:16,1
DA:19,7
DA:20,7
DA:23,7
DA:26,7
DA:30,7
LF:13
LH:13
BRDA:15,0,0,1
BRF:1
BRH:1
end_of_record
TN:
SF:src/middleware/body-validator.ts
FN:3,(anonymous_0)
FN:13,(anonymous_1)
FNF:2
FNH:2
FNDA:4,(anonymous_0)
FNDA:4,(anonymous_1)
DA:1,4
DA:3,4
DA:4,4
DA:13,4
DA:14,4
LF:5
LH:5
BRF:0
BRH:0
end_of_record
TN:
SF:src/model/user.ts
FN:60,(anonymous_7)
FN:71,(anonymous_8)
FN:87,(anonymous_10)
FNF:3
FNH:3
FNDA:9,(anonymous_7)
FNDA:7,(anonymous_8)
FNDA:7,(anonymous_10)
DA:1,4
DA:2,4
DA:33,4
DA:61,9
DA:62,9
DA:71,4
DA:76,7
DA:77,7
DA:80,7
DA:82,7
DA:87,4
DA:88,7
DA:91,4
DA:101,4
LF:14
LH:14
BRDA:76,0,0,7
BRF:1
BRH:1
end_of_record
TN:
SF:src/routes/app.router.ts
FNF:0
FNH:0
DA:1,4
DA:2,4
DA:3,4
DA:5,4
DA:7,4
DA:8,4
DA:10,4
LF:7
LH:7
BRF:0
BRH:0
end_of_record
TN:
SF:src/routes/auth.route.ts
FNF:0
FNH:0
DA:1,4
DA:2,4
DA:3,4
DA:4,4
DA:6,4
DA:8,4
DA:9,4
DA:10,4
DA:12,4
LF:9
LH:9
BRF:0
BRH:0
end_of_record
TN:
SF:src/routes/current-user.ts
FN:7,(anonymous_0)
FN:12,(anonymous_1)
FNF:2
FNH:1
FNDA:1,(anonymous_0)
FNDA:0,(anonymous_1)
DA:1,4
DA:3,4
DA:5,4
DA:7,4
DA:9,1
DA:12,4
DA:14,0
DA:17,4
LF:8
LH:7
BRF:0
BRH:0
end_of_record
TN:
SF:src/routes/auth.routes/signin.ts
FNF:0
FNH:0
DA:1,4
DA:3,4
DA:5,4
DA:6,4
DA:8,4
DA:9,4
DA:11,4
DA:13,4
LF:8
LH:8
BRF:0
BRH:0
end_of_record
TN:
SF:src/routes/auth.routes/signout.ts
FN:5,(anonymous_0)
FNF:1
FNH:1
FNDA:1,(anonymous_0)
DA:1,4
DA:3,4
DA:5,4
DA:7,1
DA:8,1
DA:11,4
LF:6
LH:6
BRF:0
BRH:0
end_of_record
TN:
SF:src/routes/auth.routes/signup.ts
FNF:0
FNH:0
DA:1,4
DA:2,4
DA:7,4
DA:8,4
DA:10,4
DA:11,4
DA:14,4
DA:16,4
LF:8
LH:8
BRF:0
BRH:0
end_of_record
TN:
SF:src/services/password.ts
FN:10,(anonymous_7)
FN:17,(anonymous_9)
FNF:2
FNH:2
FNDA:7,(anonymous_7)
FNDA:2,(anonymous_9)
DA:1,4
DA:2,4
DA:4,4
DA:6,4
DA:11,7
DA:12,7
DA:14,7
DA:18,2
DA:19,2
DA:21,1
LF:10
LH:10
BRF:0
BRH:0
end_of_record
