TN:
SF:src/app.ts
FN:32,(anonymous_7)
FNF:1
FNH:0
FNDA:0,(anonymous_7)
DA:1,4
DA:2,4
DA:3,4
DA:4,4
DA:5,4
DA:6,4
DA:7,4
DA:10,4
DA:11,4
DA:14,4
DA:22,4
DA:23,4
DA:31,4
DA:32,4
DA:33,0
DA:35,4
DA:37,4
LF:17
LH:16
BRF:0
BRH:0
end_of_record
TN:
SF:src/controller/signin-controller.ts
FN:8,(anonymous_8)
FN:12,(anonymous_9)
FNF:2
FNH:1
FNDA:0,(anonymous_8)
FNDA:3,(anonymous_9)
DA:2,4
DA:3,4
DA:4,4
DA:5,4
DA:7,4
DA:13,3
DA:15,3
DA:20,3
DA:21,3
DA:24,0
DA:25,0
DA:28,0
DA:31,0
DA:35,0
LF:14
LH:9
BRDA:20,0,0,3
BRDA:25,1,0,0
BRF:2
BRH:1
end_of_record
TN:
SF:src/controller/signup-controller.ts
FN:7,(anonymous_8)
FN:11,(anonymous_9)
FNF:2
FNH:1
FNDA:0,(anonymous_8)
FNDA:7,(anonymous_9)
DA:2,4
DA:3,4
DA:4,4
DA:6,4
DA:12,7
DA:13,7
DA:15,7
DA:16,0
DA:19,7
DA:20,7
DA:23,0
DA:26,0
DA:30,0
LF:13
LH:9
BRDA:15,0,0,0
BRF:1
BRH:0
end_of_record
TN:
SF:src/errors/bad-request-error.ts
FN:7,(anonymous_0)
FN:13,(anonymous_1)
FNF:2
FNH:2
FNDA:3,(anonymous_0)
FNDA:3,(anonymous_1)
DA:2,4
DA:4,4
DA:5,3
DA:7,3
DA:8,3
DA:10,3
DA:14,3
LF:7
LH:7
BRF:0
BRH:0
end_of_record
TN:
SF:src/errors/custom-error.ts
FN:6,(anonymous_0)
FNF:1
FNH:1
FNDA:8,(anonymous_0)
DA:3,4
DA:7,8
DA:10,8
LF:3
LH:3
BRF:0
BRH:0
end_of_record
TN:
SF:src/errors/not-authorized-error.ts
FN:7,(anonymous_0)
FN:13,(anonymous_1)
FNF:2
FNH:2
FNDA:1,(anonymous_0)
FNDA:1,(anonymous_1)
DA:2,4
DA:4,4
DA:5,1
DA:7,1
DA:8,1
DA:10,1
DA:14,1
LF:7
LH:7
BRDA:7,0,0,0
BRF:1
BRH:0
end_of_record
TN:
SF:src/errors/not-found-error.ts
FN:8,(anonymous_0)
FN:14,(anonymous_1)
FNF:2
FNH:0
FNDA:0,(anonymous_0)
FNDA:0,(anonymous_1)
DA:2,4
DA:4,4
DA:5,0
DA:6,0
DA:9,0
DA:11,0
DA:15,0
LF:7
LH:2
BRF:0
BRH:0
end_of_record
TN:
SF:src/errors/request-validator-error.ts
FN:5,(anonymous_0)
FN:16,(anonymous_1)
FN:24,(anonymous_2)
FNF:3
FNH:3
FNDA:5,(anonymous_0)
FNDA:4,(anonymous_1)
FNDA:4,(anonymous_2)
DA:3,4
DA:5,5
DA:11,4
DA:13,4
DA:14,4
DA:17,4
DA:18,4
DA:21,4
DA:25,4
DA:26,4
LF:10
LH:10
BRF:0
BRH:0
end_of_record
TN:
SF:src/middleware/authorization-middleware.ts
FN:27,(anonymous_1)
FNF:1
FNH:1
FNDA:1,(anonymous_1)
DA:2,4
DA:3,4
DA:27,4
DA:29,1
DA:31,1
DA:35,0
DA:36,0
DA:37,0
DA:39,0
DA:42,0
LF:10
LH:5
BRDA:29,0,0,1
BRDA:29,1,0,0
BRDA:29,1,1,1
BRDA:29,2,0,1
BRDA:29,2,1,1
BRF:5
BRH:4
end_of_record
TN:
SF:src/middleware/body-validator.ts
FN:3,(anonymous_0)
FN:13,(anonymous_1)
FNF:2
FNH:2
FNDA:4,(anonymous_0)
FNDA:4,(anonymous_1)
DA:1,4
DA:3,4
DA:4,4
DA:13,4
DA:14,4
LF:5
LH:5
BRF:0
BRH:0
end_of_record
TN:
SF:src/middleware/error-handler.ts
FN:4,(anonymous_0)
FNF:1
FNH:1
FNDA:15,(anonymous_0)
DA:2,4
DA:4,4
DA:6,15
LF:3
LH:3
BRDA:6,0,0,8
BRF:1
BRH:1
end_of_record
TN:
SF:src/middleware/validate-request.ts
FN:9,(anonymous_0)
FNF:1
FNH:1
FNDA:14,(anonymous_0)
DA:2,4
DA:3,4
DA:9,4
DA:10,14
DA:13,14
DA:14,4
DA:16,10
LF:7
LH:7
BRDA:13,0,0,4
BRF:1
BRH:1
end_of_record
TN:
SF:src/model/user.ts
FN:60,(anonymous_7)
FN:71,(anonymous_8)
FN:87,(anonymous_10)
FNF:3
FNH:1
FNDA:0,(anonymous_7)
FNDA:0,(anonymous_8)
FNDA:7,(anonymous_10)
DA:1,4
DA:2,4
DA:33,4
DA:61,0
DA:62,0
DA:63,0
DA:71,4
DA:76,0
DA:77,0
DA:80,0
DA:82,0
DA:87,4
DA:88,7
DA:91,4
DA:101,4
LF:15
LH:8
BRDA:76,0,0,0
BRF:1
BRH:0
end_of_record
TN:
SF:src/routes/app.router.ts
FNF:0
FNH:0
DA:1,4
DA:2,4
DA:3,4
DA:5,4
DA:7,4
DA:8,4
DA:10,4
LF:7
LH:7
BRF:0
BRH:0
end_of_record
TN:
SF:src/routes/auth.route.ts
FNF:0
FNH:0
DA:1,4
DA:2,4
DA:3,4
DA:4,4
DA:6,4
DA:8,4
DA:9,4
DA:10,4
DA:12,4
LF:9
LH:9
BRF:0
BRH:0
end_of_record
TN:
SF:src/routes/current-user.ts
FN:7,(anonymous_0)
FN:12,(anonymous_1)
FNF:2
FNH:0
FNDA:0,(anonymous_0)
FNDA:0,(anonymous_1)
DA:1,4
DA:3,4
DA:5,4
DA:7,4
DA:9,0
DA:12,4
DA:14,0
DA:17,4
LF:8
LH:6
BRF:0
BRH:0
end_of_record
TN:
SF:src/routes/auth.routes/signin.ts
FNF:0
FNH:0
DA:1,4
DA:3,4
DA:5,4
DA:6,4
DA:8,4
DA:9,4
DA:11,4
DA:13,4
LF:8
LH:8
BRF:0
BRH:0
end_of_record
TN:
SF:src/routes/auth.routes/signout.ts
FN:5,(anonymous_0)
FNF:1
FNH:0
FNDA:0,(anonymous_0)
DA:1,4
DA:3,4
DA:5,4
DA:7,0
DA:8,0
DA:11,4
LF:6
LH:4
BRF:0
BRH:0
end_of_record
TN:
SF:src/routes/auth.routes/signup.ts
FNF:0
FNH:0
DA:1,4
DA:2,4
DA:7,4
DA:8,4
DA:10,4
DA:11,4
DA:14,4
DA:16,4
LF:8
LH:8
BRF:0
BRH:0
end_of_record
TN:
SF:src/services/password.ts
FN:10,(anonymous_7)
FN:17,(anonymous_9)
FNF:2
FNH:0
FNDA:0,(anonymous_7)
FNDA:0,(anonymous_9)
DA:1,4
DA:2,4
DA:4,4
DA:6,4
DA:11,0
DA:12,0
DA:14,0
DA:18,0
DA:19,0
DA:21,0
LF:10
LH:4
BRF:0
BRH:0
end_of_record
